<?xml version="1.0" encoding="UTF-8"?>
<coverage generated="1672348063">
  <project timestamp="1672348063">
    <file name="/home/runner/work/regexpbuilderphp/regexpbuilderphp/src/RegExp.php">
      <class name="Gherkins\RegExpBuilderPHP\RegExp" namespace="global">
        <metrics complexity="15" methods="9" coveredmethods="9" conditionals="0" coveredconditionals="0" statements="41" coveredstatements="41" elements="50" coveredelements="50"/>
      </class>
      <line num="28" type="method" name="__construct" visibility="public" complexity="2" crap="2" count="64"/>
      <line num="30" type="stmt" count="64"/>
      <line num="31" type="stmt" count="64"/>
      <line num="32" type="stmt" count="64"/>
      <line num="34" type="stmt" count="64"/>
      <line num="35" type="stmt" count="3"/>
      <line num="36" type="stmt" count="3"/>
      <line num="40" type="method" name="__toString" visibility="public" complexity="1" crap="1" count="1"/>
      <line num="42" type="stmt" count="1"/>
      <line num="45" type="method" name="getExpression" visibility="public" complexity="1" crap="1" count="1"/>
      <line num="47" type="stmt" count="1"/>
      <line num="50" type="method" name="getFlags" visibility="public" complexity="1" crap="1" count="1"/>
      <line num="52" type="stmt" count="1"/>
      <line num="60" type="method" name="test" visibility="public" complexity="1" crap="1" count="1"/>
      <line num="62" type="stmt" count="1"/>
      <line num="68" type="method" name="matches" visibility="public" complexity="2" crap="2" count="57"/>
      <line num="70" type="stmt" count="57"/>
      <line num="72" type="stmt" count="57"/>
      <line num="73" type="stmt" count="57"/>
      <line num="74" type="stmt" count="57"/>
      <line num="75" type="stmt" count="57"/>
      <line num="76" type="stmt" count="57"/>
      <line num="77" type="stmt" count="57"/>
      <line num="78" type="stmt" count="57"/>
      <line num="79" type="stmt" count="57"/>
      <line num="80" type="stmt" count="57"/>
      <line num="83" type="method" name="exec" visibility="public" complexity="1" crap="1" count="3"/>
      <line num="85" type="stmt" count="3"/>
      <line num="93" type="method" name="findIn" visibility="public" complexity="5" crap="5" count="6"/>
      <line num="95" type="stmt" count="6"/>
      <line num="96" type="stmt" count="6"/>
      <line num="97" type="stmt" count="6"/>
      <line num="98" type="stmt" count="6"/>
      <line num="99" type="stmt" count="6"/>
      <line num="100" type="stmt" count="6"/>
      <line num="101" type="stmt" count="6"/>
      <line num="102" type="stmt" count="6"/>
      <line num="103" type="stmt" count="6"/>
      <line num="104" type="stmt" count="6"/>
      <line num="106" type="stmt" count="6"/>
      <line num="107" type="stmt" count="2"/>
      <line num="110" type="stmt" count="4"/>
      <line num="114" type="method" name="replace" visibility="public" complexity="1" crap="1" count="1"/>
      <line num="116" type="stmt" count="1"/>
      <line num="117" type="stmt" count="1"/>
      <line num="118" type="stmt" count="1"/>
      <line num="119" type="stmt" count="1"/>
      <line num="120" type="stmt" count="1"/>
      <line num="121" type="stmt" count="1"/>
      <line num="122" type="stmt" count="1"/>
      <metrics loc="125" ncloc="100" classes="1" methods="9" coveredmethods="9" conditionals="0" coveredconditionals="0" statements="41" coveredstatements="41" elements="50" coveredelements="50"/>
    </file>
    <file name="/home/runner/work/regexpbuilderphp/regexpbuilderphp/src/RegExpBuilder.php">
      <class name="Gherkins\RegExpBuilderPHP\RegExpBuilder" namespace="global">
        <metrics complexity="101" methods="69" coveredmethods="69" conditionals="0" coveredconditionals="0" statements="209" coveredstatements="209" elements="278" coveredelements="278"/>
      </class>
      <line num="88" type="method" name="__construct" visibility="public" complexity="1" crap="1" count="64"/>
      <line num="90" type="stmt" count="64"/>
      <line num="96" type="method" name="clear" visibility="private" complexity="1" crap="1" count="64"/>
      <line num="98" type="stmt" count="64"/>
      <line num="99" type="stmt" count="64"/>
      <line num="100" type="stmt" count="64"/>
      <line num="101" type="stmt" count="64"/>
      <line num="102" type="stmt" count="64"/>
      <line num="103" type="stmt" count="64"/>
      <line num="104" type="stmt" count="64"/>
      <line num="105" type="stmt" count="64"/>
      <line num="106" type="stmt" count="64"/>
      <line num="107" type="stmt" count="64"/>
      <line num="108" type="stmt" count="64"/>
      <line num="111" type="method" name="flushState" visibility="private" complexity="10" crap="10" count="64"/>
      <line num="113" type="stmt" count="64"/>
      <line num="114" type="stmt" count="60"/>
      <line num="115" type="stmt" count="4"/>
      <line num="116" type="stmt" count="59"/>
      <line num="117" type="stmt" count="60"/>
      <line num="118" type="stmt" count="60"/>
      <line num="119" type="stmt" count="60"/>
      <line num="120" type="stmt" count="60"/>
      <line num="121" type="stmt" count="60"/>
      <line num="125" type="method" name="getQuantityLiteral" visibility="private" complexity="3" crap="3" count="60"/>
      <line num="127" type="stmt" count="60"/>
      <line num="128" type="stmt" count="58"/>
      <line num="129" type="stmt" count="51"/>
      <line num="132" type="stmt" count="17"/>
      <line num="135" type="stmt" count="3"/>
      <line num="142" type="method" name="getCharacterLiteral" visibility="private" complexity="7" crap="7" count="60"/>
      <line num="144" type="stmt" count="60"/>
      <line num="145" type="stmt" count="37"/>
      <line num="147" type="stmt" count="45"/>
      <line num="148" type="stmt" count="9"/>
      <line num="150" type="stmt" count="36"/>
      <line num="151" type="stmt" count="2"/>
      <line num="153" type="stmt" count="35"/>
      <line num="154" type="stmt" count="15"/>
      <line num="156" type="stmt" count="26"/>
      <line num="157" type="stmt" count="6"/>
      <line num="159" type="stmt" count="20"/>
      <line num="160" type="stmt" count="20"/>
      <line num="168" type="method" name="getLiteral" visibility="public" complexity="1" crap="1" count="27"/>
      <line num="170" type="stmt" count="27"/>
      <line num="172" type="stmt" count="27"/>
      <line num="175" type="method" name="combineGroupNumberingAndGetLiteralral" visibility="private" complexity="1" crap="1" count="27"/>
      <line num="177" type="stmt" count="27"/>
      <line num="178" type="stmt" count="27"/>
      <line num="180" type="stmt" count="27"/>
      <line num="183" type="method" name="incrementGroupNumbering" visibility="private" complexity="2" crap="2" count="27"/>
      <line num="185" type="stmt" count="27"/>
      <line num="186" type="stmt" count="1"/>
      <line num="187" type="stmt" count="1"/>
      <line num="188" type="stmt" count="1"/>
      <line num="189" type="stmt" count="1"/>
      <line num="191" type="stmt" count="1"/>
      <line num="192" type="stmt" count="1"/>
      <line num="193" type="stmt" count="1"/>
      <line num="194" type="stmt" count="1"/>
      <line num="197" type="stmt" count="27"/>
      <line num="200" type="method" name="getRegExp" visibility="public" complexity="1" crap="1" count="64"/>
      <line num="202" type="stmt" count="64"/>
      <line num="204" type="stmt" count="64"/>
      <line num="207" type="method" name="addFlag" visibility="private" complexity="2" crap="2" count="45"/>
      <line num="209" type="stmt" count="45"/>
      <line num="210" type="stmt" count="45"/>
      <line num="213" type="stmt" count="45"/>
      <line num="216" type="method" name="ignoreCase" visibility="public" complexity="1" crap="1" count="1"/>
      <line num="218" type="stmt" count="1"/>
      <line num="222" type="method" name="multiLine" visibility="public" complexity="1" crap="1" count="45"/>
      <line num="224" type="stmt" count="45"/>
      <line num="227" type="method" name="globalMatch" visibility="public" complexity="1" crap="1" count="3"/>
      <line num="229" type="stmt" count="3"/>
      <line num="232" type="method" name="pregMatchFlags" visibility="public" complexity="1" crap="1" count="1"/>
      <line num="234" type="stmt" count="1"/>
      <line num="236" type="stmt" count="1"/>
      <line num="239" type="method" name="startOfInput" visibility="public" complexity="1" crap="1" count="47"/>
      <line num="241" type="stmt" count="47"/>
      <line num="243" type="stmt" count="47"/>
      <line num="246" type="method" name="startOfLine" visibility="public" complexity="1" crap="1" count="42"/>
      <line num="248" type="stmt" count="42"/>
      <line num="250" type="stmt" count="42"/>
      <line num="253" type="method" name="endOfInput" visibility="public" complexity="1" crap="1" count="16"/>
      <line num="255" type="stmt" count="16"/>
      <line num="256" type="stmt" count="16"/>
      <line num="258" type="stmt" count="16"/>
      <line num="261" type="method" name="endOfLine" visibility="public" complexity="1" crap="1" count="12"/>
      <line num="263" type="stmt" count="12"/>
      <line num="265" type="stmt" count="12"/>
      <line num="268" type="method" name="eitherFind" visibility="public" complexity="2" crap="2" count="9"/>
      <line num="270" type="stmt" count="9"/>
      <line num="271" type="stmt" count="6"/>
      <line num="274" type="stmt" count="4"/>
      <line num="278" type="method" name="setEither" visibility="private" complexity="1" crap="1" count="9"/>
      <line num="280" type="stmt" count="9"/>
      <line num="281" type="stmt" count="9"/>
      <line num="283" type="stmt" count="9"/>
      <line num="286" type="method" name="orFind" visibility="public" complexity="2" crap="2" count="9"/>
      <line num="288" type="stmt" count="9"/>
      <line num="289" type="stmt" count="6"/>
      <line num="292" type="stmt" count="5"/>
      <line num="295" type="method" name="anyOf" visibility="public" complexity="3" crap="3" count="5"/>
      <line num="297" type="stmt" count="5"/>
      <line num="298" type="stmt" count="1"/>
      <line num="301" type="stmt" count="5"/>
      <line num="302" type="stmt" count="5"/>
      <line num="304" type="stmt" count="5"/>
      <line num="305" type="stmt" count="5"/>
      <line num="308" type="stmt" count="5"/>
      <line num="311" type="method" name="setOr" visibility="private" complexity="2" crap="2" count="9"/>
      <line num="313" type="stmt" count="9"/>
      <line num="314" type="stmt" count="9"/>
      <line num="315" type="stmt" count="9"/>
      <line num="316" type="stmt" count="3"/>
      <line num="318" type="stmt" count="3"/>
      <line num="319" type="stmt" count="3"/>
      <line num="320" type="stmt" count="3"/>
      <line num="322" type="stmt" count="9"/>
      <line num="324" type="stmt" count="9"/>
      <line num="326" type="stmt" count="9"/>
      <line num="330" type="method" name="neither" visibility="public" complexity="2" crap="2" count="2"/>
      <line num="332" type="stmt" count="2"/>
      <line num="333" type="stmt" count="1"/>
      <line num="336" type="stmt" count="2"/>
      <line num="339" type="method" name="nor" visibility="public" complexity="3" crap="3" count="2"/>
      <line num="341" type="stmt" count="2"/>
      <line num="342" type="stmt" count="1"/>
      <line num="343" type="stmt" count="1"/>
      <line num="345" type="stmt" count="2"/>
      <line num="347" type="stmt" count="2"/>
      <line num="350" type="method" name="exactly" visibility="public" complexity="1" crap="1" count="48"/>
      <line num="352" type="stmt" count="48"/>
      <line num="353" type="stmt" count="48"/>
      <line num="354" type="stmt" count="48"/>
      <line num="356" type="stmt" count="48"/>
      <line num="359" type="method" name="min" visibility="public" complexity="1" crap="1" count="24"/>
      <line num="361" type="stmt" count="24"/>
      <line num="362" type="stmt" count="24"/>
      <line num="364" type="stmt" count="24"/>
      <line num="367" type="method" name="max" visibility="public" complexity="1" crap="1" count="10"/>
      <line num="369" type="stmt" count="10"/>
      <line num="370" type="stmt" count="10"/>
      <line num="372" type="stmt" count="10"/>
      <line num="375" type="method" name="of" visibility="public" complexity="1" crap="1" count="37"/>
      <line num="377" type="stmt" count="37"/>
      <line num="379" type="stmt" count="37"/>
      <line num="383" type="method" name="ofAny" visibility="public" complexity="1" crap="1" count="9"/>
      <line num="385" type="stmt" count="9"/>
      <line num="387" type="stmt" count="9"/>
      <line num="390" type="method" name="ofGroup" visibility="public" complexity="1" crap="1" count="2"/>
      <line num="392" type="stmt" count="2"/>
      <line num="394" type="stmt" count="2"/>
      <line num="397" type="method" name="from" visibility="public" complexity="1" crap="1" count="5"/>
      <line num="399" type="stmt" count="5"/>
      <line num="401" type="stmt" count="5"/>
      <line num="404" type="method" name="notFrom" visibility="public" complexity="1" crap="1" count="4"/>
      <line num="406" type="stmt" count="4"/>
      <line num="408" type="stmt" count="4"/>
      <line num="411" type="method" name="like" visibility="public" complexity="1" crap="1" count="14"/>
      <line num="413" type="stmt" count="14"/>
      <line num="415" type="stmt" count="14"/>
      <line num="419" type="method" name="reluctantly" visibility="public" complexity="1" crap="1" count="1"/>
      <line num="421" type="stmt" count="1"/>
      <line num="423" type="stmt" count="1"/>
      <line num="427" type="method" name="ahead" visibility="public" complexity="1" crap="1" count="1"/>
      <line num="429" type="stmt" count="1"/>
      <line num="430" type="stmt" count="1"/>
      <line num="432" type="stmt" count="1"/>
      <line num="436" type="method" name="notAhead" visibility="public" complexity="1" crap="1" count="4"/>
      <line num="438" type="stmt" count="4"/>
      <line num="439" type="stmt" count="4"/>
      <line num="441" type="stmt" count="4"/>
      <line num="444" type="method" name="asGroup" visibility="public" complexity="1" crap="1" count="4"/>
      <line num="446" type="stmt" count="4"/>
      <line num="447" type="stmt" count="4"/>
      <line num="448" type="stmt" count="4"/>
      <line num="450" type="stmt" count="4"/>
      <line num="454" type="method" name="then" visibility="public" complexity="1" crap="1" count="9"/>
      <line num="456" type="stmt" count="9"/>
      <line num="459" type="method" name="find" visibility="public" complexity="1" crap="1" count="5"/>
      <line num="461" type="stmt" count="5"/>
      <line num="464" type="method" name="some" visibility="public" complexity="1" crap="1" count="1"/>
      <line num="466" type="stmt" count="1"/>
      <line num="469" type="method" name="maybeSome" visibility="public" complexity="1" crap="1" count="1"/>
      <line num="471" type="stmt" count="1"/>
      <line num="474" type="method" name="maybe" visibility="public" complexity="1" crap="1" count="1"/>
      <line num="476" type="stmt" count="1"/>
      <line num="479" type="method" name="anything" visibility="public" complexity="1" crap="1" count="1"/>
      <line num="481" type="stmt" count="1"/>
      <line num="484" type="method" name="anythingBut" visibility="public" complexity="2" crap="2" count="4"/>
      <line num="486" type="stmt" count="4"/>
      <line num="487" type="stmt" count="3"/>
      <line num="489" type="stmt" count="1"/>
      <line num="491" type="stmt" count="1"/>
      <line num="494" type="method" name="something" visibility="public" complexity="1" crap="1" count="1"/>
      <line num="496" type="stmt" count="1"/>
      <line num="500" type="method" name="any" visibility="public" complexity="1" crap="1" count="1"/>
      <line num="502" type="stmt" count="1"/>
      <line num="505" type="method" name="lineBreak" visibility="public" complexity="1" crap="1" count="2"/>
      <line num="507" type="stmt" count="2"/>
      <line num="508" type="stmt" count="2"/>
      <line num="510" type="stmt" count="2"/>
      <line num="513" type="method" name="lineBreaks" visibility="public" complexity="1" crap="1" count="1"/>
      <line num="515" type="stmt" count="1"/>
      <line num="519" type="method" name="whitespace" visibility="public" complexity="3" crap="3" count="3"/>
      <line num="521" type="stmt" count="3"/>
      <line num="522" type="stmt" count="1"/>
      <line num="523" type="stmt" count="1"/>
      <line num="525" type="stmt" count="1"/>
      <line num="527" type="stmt" count="3"/>
      <line num="529" type="stmt" count="3"/>
      <line num="532" type="method" name="notWhitespace" visibility="public" complexity="3" crap="3" count="2"/>
      <line num="534" type="stmt" count="2"/>
      <line num="535" type="stmt" count="1"/>
      <line num="536" type="stmt" count="1"/>
      <line num="538" type="stmt" count="1"/>
      <line num="540" type="stmt" count="1"/>
      <line num="542" type="stmt" count="1"/>
      <line num="545" type="method" name="tab" visibility="public" complexity="1" crap="1" count="3"/>
      <line num="547" type="stmt" count="3"/>
      <line num="548" type="stmt" count="3"/>
      <line num="550" type="stmt" count="3"/>
      <line num="553" type="method" name="tabs" visibility="public" complexity="1" crap="1" count="1"/>
      <line num="555" type="stmt" count="1"/>
      <line num="558" type="method" name="digit" visibility="public" complexity="1" crap="1" count="11"/>
      <line num="560" type="stmt" count="11"/>
      <line num="561" type="stmt" count="11"/>
      <line num="563" type="stmt" count="11"/>
      <line num="567" type="method" name="notDigit" visibility="public" complexity="1" crap="1" count="5"/>
      <line num="569" type="stmt" count="5"/>
      <line num="570" type="stmt" count="5"/>
      <line num="572" type="stmt" count="5"/>
      <line num="575" type="method" name="digits" visibility="public" complexity="1" crap="1" count="10"/>
      <line num="577" type="stmt" count="10"/>
      <line num="580" type="method" name="notDigits" visibility="public" complexity="1" crap="1" count="1"/>
      <line num="582" type="stmt" count="1"/>
      <line num="585" type="method" name="letter" visibility="public" complexity="1" crap="1" count="1"/>
      <line num="587" type="stmt" count="1"/>
      <line num="588" type="stmt" count="1"/>
      <line num="590" type="stmt" count="1"/>
      <line num="593" type="method" name="notLetter" visibility="public" complexity="1" crap="1" count="1"/>
      <line num="595" type="stmt" count="1"/>
      <line num="596" type="stmt" count="1"/>
      <line num="598" type="stmt" count="1"/>
      <line num="601" type="method" name="letters" visibility="public" complexity="1" crap="1" count="4"/>
      <line num="603" type="stmt" count="4"/>
      <line num="605" type="stmt" count="4"/>
      <line num="608" type="method" name="notLetters" visibility="public" complexity="1" crap="1" count="1"/>
      <line num="610" type="stmt" count="1"/>
      <line num="612" type="stmt" count="1"/>
      <line num="615" type="method" name="lowerCaseLetter" visibility="public" complexity="1" crap="1" count="1"/>
      <line num="617" type="stmt" count="1"/>
      <line num="618" type="stmt" count="1"/>
      <line num="620" type="stmt" count="1"/>
      <line num="623" type="method" name="lowerCaseLetters" visibility="public" complexity="1" crap="1" count="1"/>
      <line num="625" type="stmt" count="1"/>
      <line num="627" type="stmt" count="1"/>
      <line num="630" type="method" name="upperCaseLetter" visibility="public" complexity="1" crap="1" count="2"/>
      <line num="632" type="stmt" count="2"/>
      <line num="633" type="stmt" count="2"/>
      <line num="635" type="stmt" count="2"/>
      <line num="638" type="method" name="upperCaseLetters" visibility="public" complexity="1" crap="1" count="1"/>
      <line num="640" type="stmt" count="1"/>
      <line num="642" type="stmt" count="1"/>
      <line num="645" type="method" name="append" visibility="public" complexity="1" crap="1" count="3"/>
      <line num="647" type="stmt" count="3"/>
      <line num="648" type="stmt" count="3"/>
      <line num="650" type="stmt" count="3"/>
      <line num="653" type="method" name="optional" visibility="public" complexity="1" crap="1" count="1"/>
      <line num="655" type="stmt" count="1"/>
      <line num="656" type="stmt" count="1"/>
      <line num="658" type="stmt" count="1"/>
      <line num="661" type="method" name="sanitize" visibility="private" complexity="1" crap="1" count="42"/>
      <line num="663" type="stmt" count="42"/>
      <line num="669" type="method" name="getNew" visibility="public" complexity="1" crap="1" count="27"/>
      <line num="671" type="stmt" count="27"/>
      <line num="673" type="stmt" count="27"/>
      <metrics loc="676" ncloc="617" classes="1" methods="69" coveredmethods="69" conditionals="0" coveredconditionals="0" statements="209" coveredstatements="209" elements="278" coveredelements="278"/>
    </file>
    <metrics files="2" loc="801" ncloc="717" classes="2" methods="78" coveredmethods="78" conditionals="0" coveredconditionals="0" statements="250" coveredstatements="250" elements="328" coveredelements="328"/>
  </project>
</coverage>
