<?xml version="1.0" encoding="UTF-8"?>
<coverage generated="1673195334">
  <project timestamp="1673195334">
    <file name="/home/runner/work/regexpbuilderphp/regexpbuilderphp/src/RegExp.php">
      <class name="Gherkins\RegExpBuilderPHP\RegExp" namespace="global">
        <metrics complexity="15" methods="9" coveredmethods="9" conditionals="0" coveredconditionals="0" statements="41" coveredstatements="41" elements="50" coveredelements="50"/>
      </class>
      <line num="16" type="method" name="__construct" visibility="public" complexity="2" crap="2" count="64"/>
      <line num="18" type="stmt" count="64"/>
      <line num="19" type="stmt" count="64"/>
      <line num="20" type="stmt" count="64"/>
      <line num="22" type="stmt" count="64"/>
      <line num="23" type="stmt" count="3"/>
      <line num="24" type="stmt" count="3"/>
      <line num="28" type="method" name="__toString" visibility="public" complexity="1" crap="1" count="1"/>
      <line num="30" type="stmt" count="1"/>
      <line num="33" type="method" name="getExpression" visibility="public" complexity="1" crap="1" count="1"/>
      <line num="35" type="stmt" count="1"/>
      <line num="38" type="method" name="getFlags" visibility="public" complexity="1" crap="1" count="1"/>
      <line num="40" type="stmt" count="1"/>
      <line num="48" type="method" name="test" visibility="public" complexity="1" crap="1" count="1"/>
      <line num="50" type="stmt" count="1"/>
      <line num="56" type="method" name="matches" visibility="public" complexity="2" crap="2" count="57"/>
      <line num="58" type="stmt" count="57"/>
      <line num="60" type="stmt" count="57"/>
      <line num="61" type="stmt" count="57"/>
      <line num="62" type="stmt" count="57"/>
      <line num="63" type="stmt" count="57"/>
      <line num="64" type="stmt" count="57"/>
      <line num="65" type="stmt" count="57"/>
      <line num="66" type="stmt" count="57"/>
      <line num="67" type="stmt" count="57"/>
      <line num="68" type="stmt" count="57"/>
      <line num="74" type="method" name="exec" visibility="public" complexity="1" crap="1" count="3"/>
      <line num="76" type="stmt" count="3"/>
      <line num="82" type="method" name="findIn" visibility="public" complexity="5" crap="5" count="6"/>
      <line num="84" type="stmt" count="6"/>
      <line num="85" type="stmt" count="6"/>
      <line num="86" type="stmt" count="6"/>
      <line num="87" type="stmt" count="6"/>
      <line num="88" type="stmt" count="6"/>
      <line num="89" type="stmt" count="6"/>
      <line num="90" type="stmt" count="6"/>
      <line num="91" type="stmt" count="6"/>
      <line num="92" type="stmt" count="6"/>
      <line num="93" type="stmt" count="6"/>
      <line num="96" type="stmt" count="6"/>
      <line num="97" type="stmt" count="2"/>
      <line num="100" type="stmt" count="4"/>
      <line num="104" type="method" name="replace" visibility="public" complexity="1" crap="1" count="1"/>
      <line num="106" type="stmt" count="1"/>
      <line num="107" type="stmt" count="1"/>
      <line num="108" type="stmt" count="1"/>
      <line num="109" type="stmt" count="1"/>
      <line num="110" type="stmt" count="1"/>
      <line num="111" type="stmt" count="1"/>
      <line num="112" type="stmt" count="1"/>
      <metrics loc="115" ncloc="97" classes="1" methods="9" coveredmethods="9" conditionals="0" coveredconditionals="0" statements="41" coveredstatements="41" elements="50" coveredelements="50"/>
    </file>
    <file name="/home/runner/work/regexpbuilderphp/regexpbuilderphp/src/RegExpBuilder.php">
      <class name="Gherkins\RegExpBuilderPHP\RegExpBuilder" namespace="global">
        <metrics complexity="101" methods="69" coveredmethods="69" conditionals="0" coveredconditionals="0" statements="209" coveredstatements="209" elements="278" coveredelements="278"/>
      </class>
      <line num="43" type="method" name="__construct" visibility="public" complexity="1" crap="1" count="64"/>
      <line num="45" type="stmt" count="64"/>
      <line num="48" type="method" name="clear" visibility="private" complexity="1" crap="1" count="64"/>
      <line num="50" type="stmt" count="64"/>
      <line num="51" type="stmt" count="64"/>
      <line num="52" type="stmt" count="64"/>
      <line num="53" type="stmt" count="64"/>
      <line num="54" type="stmt" count="64"/>
      <line num="55" type="stmt" count="64"/>
      <line num="56" type="stmt" count="64"/>
      <line num="57" type="stmt" count="64"/>
      <line num="58" type="stmt" count="64"/>
      <line num="59" type="stmt" count="64"/>
      <line num="60" type="stmt" count="64"/>
      <line num="63" type="method" name="flushState" visibility="private" complexity="10" crap="10" count="64"/>
      <line num="65" type="stmt" count="64"/>
      <line num="66" type="stmt" count="60"/>
      <line num="67" type="stmt" count="4"/>
      <line num="68" type="stmt" count="59"/>
      <line num="69" type="stmt" count="60"/>
      <line num="70" type="stmt" count="60"/>
      <line num="71" type="stmt" count="60"/>
      <line num="72" type="stmt" count="60"/>
      <line num="73" type="stmt" count="60"/>
      <line num="77" type="method" name="getQuantityLiteral" visibility="private" complexity="3" crap="3" count="60"/>
      <line num="79" type="stmt" count="60"/>
      <line num="80" type="stmt" count="58"/>
      <line num="81" type="stmt" count="51"/>
      <line num="84" type="stmt" count="17"/>
      <line num="87" type="stmt" count="3"/>
      <line num="94" type="method" name="getCharacterLiteral" visibility="private" complexity="7" crap="7" count="60"/>
      <line num="96" type="stmt" count="60"/>
      <line num="97" type="stmt" count="37"/>
      <line num="99" type="stmt" count="45"/>
      <line num="100" type="stmt" count="9"/>
      <line num="102" type="stmt" count="36"/>
      <line num="103" type="stmt" count="2"/>
      <line num="105" type="stmt" count="35"/>
      <line num="106" type="stmt" count="15"/>
      <line num="108" type="stmt" count="26"/>
      <line num="109" type="stmt" count="6"/>
      <line num="111" type="stmt" count="20"/>
      <line num="112" type="stmt" count="20"/>
      <line num="120" type="method" name="getLiteral" visibility="public" complexity="1" crap="1" count="27"/>
      <line num="122" type="stmt" count="27"/>
      <line num="124" type="stmt" count="27"/>
      <line num="127" type="method" name="combineGroupNumberingAndGetLiteralral" visibility="private" complexity="1" crap="1" count="27"/>
      <line num="129" type="stmt" count="27"/>
      <line num="130" type="stmt" count="27"/>
      <line num="132" type="stmt" count="27"/>
      <line num="135" type="method" name="incrementGroupNumbering" visibility="private" complexity="2" crap="2" count="27"/>
      <line num="137" type="stmt" count="27"/>
      <line num="138" type="stmt" count="1"/>
      <line num="139" type="stmt" count="1"/>
      <line num="140" type="stmt" count="1"/>
      <line num="141" type="stmt" count="1"/>
      <line num="143" type="stmt" count="1"/>
      <line num="144" type="stmt" count="1"/>
      <line num="145" type="stmt" count="1"/>
      <line num="146" type="stmt" count="1"/>
      <line num="149" type="stmt" count="27"/>
      <line num="152" type="method" name="getRegExp" visibility="public" complexity="1" crap="1" count="64"/>
      <line num="154" type="stmt" count="64"/>
      <line num="156" type="stmt" count="64"/>
      <line num="159" type="method" name="addFlag" visibility="private" complexity="2" crap="2" count="45"/>
      <line num="161" type="stmt" count="45"/>
      <line num="162" type="stmt" count="45"/>
      <line num="165" type="stmt" count="45"/>
      <line num="168" type="method" name="ignoreCase" visibility="public" complexity="1" crap="1" count="1"/>
      <line num="170" type="stmt" count="1"/>
      <line num="174" type="method" name="multiLine" visibility="public" complexity="1" crap="1" count="45"/>
      <line num="176" type="stmt" count="45"/>
      <line num="179" type="method" name="globalMatch" visibility="public" complexity="1" crap="1" count="3"/>
      <line num="181" type="stmt" count="3"/>
      <line num="184" type="method" name="pregMatchFlags" visibility="public" complexity="1" crap="1" count="1"/>
      <line num="186" type="stmt" count="1"/>
      <line num="188" type="stmt" count="1"/>
      <line num="191" type="method" name="startOfInput" visibility="public" complexity="1" crap="1" count="47"/>
      <line num="193" type="stmt" count="47"/>
      <line num="195" type="stmt" count="47"/>
      <line num="198" type="method" name="startOfLine" visibility="public" complexity="1" crap="1" count="42"/>
      <line num="200" type="stmt" count="42"/>
      <line num="202" type="stmt" count="42"/>
      <line num="205" type="method" name="endOfInput" visibility="public" complexity="1" crap="1" count="16"/>
      <line num="207" type="stmt" count="16"/>
      <line num="208" type="stmt" count="16"/>
      <line num="210" type="stmt" count="16"/>
      <line num="213" type="method" name="endOfLine" visibility="public" complexity="1" crap="1" count="12"/>
      <line num="215" type="stmt" count="12"/>
      <line num="217" type="stmt" count="12"/>
      <line num="223" type="method" name="eitherFind" visibility="public" complexity="2" crap="2" count="9"/>
      <line num="225" type="stmt" count="9"/>
      <line num="226" type="stmt" count="6"/>
      <line num="229" type="stmt" count="4"/>
      <line num="233" type="method" name="setEither" visibility="private" complexity="1" crap="1" count="9"/>
      <line num="235" type="stmt" count="9"/>
      <line num="236" type="stmt" count="9"/>
      <line num="238" type="stmt" count="9"/>
      <line num="244" type="method" name="orFind" visibility="public" complexity="2" crap="2" count="9"/>
      <line num="246" type="stmt" count="9"/>
      <line num="247" type="stmt" count="6"/>
      <line num="250" type="stmt" count="5"/>
      <line num="256" type="method" name="anyOf" visibility="public" complexity="3" crap="3" count="5"/>
      <line num="258" type="stmt" count="5"/>
      <line num="259" type="stmt" count="1"/>
      <line num="262" type="stmt" count="5"/>
      <line num="263" type="stmt" count="5"/>
      <line num="265" type="stmt" count="5"/>
      <line num="266" type="stmt" count="5"/>
      <line num="269" type="stmt" count="5"/>
      <line num="272" type="method" name="setOr" visibility="private" complexity="2" crap="2" count="9"/>
      <line num="274" type="stmt" count="9"/>
      <line num="275" type="stmt" count="9"/>
      <line num="276" type="stmt" count="9"/>
      <line num="277" type="stmt" count="3"/>
      <line num="279" type="stmt" count="3"/>
      <line num="280" type="stmt" count="3"/>
      <line num="281" type="stmt" count="3"/>
      <line num="283" type="stmt" count="9"/>
      <line num="285" type="stmt" count="9"/>
      <line num="287" type="stmt" count="9"/>
      <line num="293" type="method" name="neither" visibility="public" complexity="2" crap="2" count="2"/>
      <line num="295" type="stmt" count="2"/>
      <line num="296" type="stmt" count="1"/>
      <line num="299" type="stmt" count="2"/>
      <line num="305" type="method" name="nor" visibility="public" complexity="3" crap="3" count="2"/>
      <line num="307" type="stmt" count="2"/>
      <line num="308" type="stmt" count="1"/>
      <line num="309" type="stmt" count="1"/>
      <line num="311" type="stmt" count="2"/>
      <line num="313" type="stmt" count="2"/>
      <line num="316" type="method" name="exactly" visibility="public" complexity="1" crap="1" count="48"/>
      <line num="318" type="stmt" count="48"/>
      <line num="319" type="stmt" count="48"/>
      <line num="320" type="stmt" count="48"/>
      <line num="322" type="stmt" count="48"/>
      <line num="325" type="method" name="min" visibility="public" complexity="1" crap="1" count="24"/>
      <line num="327" type="stmt" count="24"/>
      <line num="328" type="stmt" count="24"/>
      <line num="330" type="stmt" count="24"/>
      <line num="333" type="method" name="max" visibility="public" complexity="1" crap="1" count="10"/>
      <line num="335" type="stmt" count="10"/>
      <line num="336" type="stmt" count="10"/>
      <line num="338" type="stmt" count="10"/>
      <line num="341" type="method" name="of" visibility="public" complexity="1" crap="1" count="37"/>
      <line num="343" type="stmt" count="37"/>
      <line num="345" type="stmt" count="37"/>
      <line num="349" type="method" name="ofAny" visibility="public" complexity="1" crap="1" count="9"/>
      <line num="351" type="stmt" count="9"/>
      <line num="353" type="stmt" count="9"/>
      <line num="356" type="method" name="ofGroup" visibility="public" complexity="1" crap="1" count="2"/>
      <line num="358" type="stmt" count="2"/>
      <line num="360" type="stmt" count="2"/>
      <line num="366" type="method" name="from" visibility="public" complexity="1" crap="1" count="5"/>
      <line num="368" type="stmt" count="5"/>
      <line num="370" type="stmt" count="5"/>
      <line num="376" type="method" name="notFrom" visibility="public" complexity="1" crap="1" count="4"/>
      <line num="378" type="stmt" count="4"/>
      <line num="380" type="stmt" count="4"/>
      <line num="383" type="method" name="like" visibility="public" complexity="1" crap="1" count="14"/>
      <line num="385" type="stmt" count="14"/>
      <line num="387" type="stmt" count="14"/>
      <line num="391" type="method" name="reluctantly" visibility="public" complexity="1" crap="1" count="1"/>
      <line num="393" type="stmt" count="1"/>
      <line num="395" type="stmt" count="1"/>
      <line num="399" type="method" name="ahead" visibility="public" complexity="1" crap="1" count="1"/>
      <line num="401" type="stmt" count="1"/>
      <line num="402" type="stmt" count="1"/>
      <line num="404" type="stmt" count="1"/>
      <line num="408" type="method" name="notAhead" visibility="public" complexity="1" crap="1" count="4"/>
      <line num="410" type="stmt" count="4"/>
      <line num="411" type="stmt" count="4"/>
      <line num="413" type="stmt" count="4"/>
      <line num="416" type="method" name="asGroup" visibility="public" complexity="1" crap="1" count="4"/>
      <line num="418" type="stmt" count="4"/>
      <line num="419" type="stmt" count="4"/>
      <line num="420" type="stmt" count="4"/>
      <line num="422" type="stmt" count="4"/>
      <line num="426" type="method" name="then" visibility="public" complexity="1" crap="1" count="9"/>
      <line num="428" type="stmt" count="9"/>
      <line num="431" type="method" name="find" visibility="public" complexity="1" crap="1" count="5"/>
      <line num="433" type="stmt" count="5"/>
      <line num="439" type="method" name="some" visibility="public" complexity="1" crap="1" count="1"/>
      <line num="441" type="stmt" count="1"/>
      <line num="447" type="method" name="maybeSome" visibility="public" complexity="1" crap="1" count="1"/>
      <line num="449" type="stmt" count="1"/>
      <line num="452" type="method" name="maybe" visibility="public" complexity="1" crap="1" count="1"/>
      <line num="454" type="stmt" count="1"/>
      <line num="457" type="method" name="anything" visibility="public" complexity="1" crap="1" count="1"/>
      <line num="459" type="stmt" count="1"/>
      <line num="462" type="method" name="anythingBut" visibility="public" complexity="2" crap="2" count="4"/>
      <line num="464" type="stmt" count="4"/>
      <line num="465" type="stmt" count="3"/>
      <line num="467" type="stmt" count="1"/>
      <line num="469" type="stmt" count="1"/>
      <line num="472" type="method" name="something" visibility="public" complexity="1" crap="1" count="1"/>
      <line num="474" type="stmt" count="1"/>
      <line num="478" type="method" name="any" visibility="public" complexity="1" crap="1" count="1"/>
      <line num="480" type="stmt" count="1"/>
      <line num="483" type="method" name="lineBreak" visibility="public" complexity="1" crap="1" count="2"/>
      <line num="485" type="stmt" count="2"/>
      <line num="486" type="stmt" count="2"/>
      <line num="488" type="stmt" count="2"/>
      <line num="491" type="method" name="lineBreaks" visibility="public" complexity="1" crap="1" count="1"/>
      <line num="493" type="stmt" count="1"/>
      <line num="497" type="method" name="whitespace" visibility="public" complexity="3" crap="3" count="3"/>
      <line num="499" type="stmt" count="3"/>
      <line num="500" type="stmt" count="1"/>
      <line num="501" type="stmt" count="1"/>
      <line num="503" type="stmt" count="1"/>
      <line num="505" type="stmt" count="3"/>
      <line num="507" type="stmt" count="3"/>
      <line num="510" type="method" name="notWhitespace" visibility="public" complexity="3" crap="3" count="2"/>
      <line num="512" type="stmt" count="2"/>
      <line num="513" type="stmt" count="1"/>
      <line num="514" type="stmt" count="1"/>
      <line num="516" type="stmt" count="1"/>
      <line num="518" type="stmt" count="1"/>
      <line num="520" type="stmt" count="1"/>
      <line num="523" type="method" name="tab" visibility="public" complexity="1" crap="1" count="3"/>
      <line num="525" type="stmt" count="3"/>
      <line num="526" type="stmt" count="3"/>
      <line num="528" type="stmt" count="3"/>
      <line num="531" type="method" name="tabs" visibility="public" complexity="1" crap="1" count="1"/>
      <line num="533" type="stmt" count="1"/>
      <line num="536" type="method" name="digit" visibility="public" complexity="1" crap="1" count="11"/>
      <line num="538" type="stmt" count="11"/>
      <line num="539" type="stmt" count="11"/>
      <line num="541" type="stmt" count="11"/>
      <line num="545" type="method" name="notDigit" visibility="public" complexity="1" crap="1" count="5"/>
      <line num="547" type="stmt" count="5"/>
      <line num="548" type="stmt" count="5"/>
      <line num="550" type="stmt" count="5"/>
      <line num="553" type="method" name="digits" visibility="public" complexity="1" crap="1" count="10"/>
      <line num="555" type="stmt" count="10"/>
      <line num="558" type="method" name="notDigits" visibility="public" complexity="1" crap="1" count="1"/>
      <line num="560" type="stmt" count="1"/>
      <line num="563" type="method" name="letter" visibility="public" complexity="1" crap="1" count="1"/>
      <line num="565" type="stmt" count="1"/>
      <line num="566" type="stmt" count="1"/>
      <line num="568" type="stmt" count="1"/>
      <line num="571" type="method" name="notLetter" visibility="public" complexity="1" crap="1" count="1"/>
      <line num="573" type="stmt" count="1"/>
      <line num="574" type="stmt" count="1"/>
      <line num="576" type="stmt" count="1"/>
      <line num="579" type="method" name="letters" visibility="public" complexity="1" crap="1" count="4"/>
      <line num="581" type="stmt" count="4"/>
      <line num="583" type="stmt" count="4"/>
      <line num="586" type="method" name="notLetters" visibility="public" complexity="1" crap="1" count="1"/>
      <line num="588" type="stmt" count="1"/>
      <line num="590" type="stmt" count="1"/>
      <line num="593" type="method" name="lowerCaseLetter" visibility="public" complexity="1" crap="1" count="1"/>
      <line num="595" type="stmt" count="1"/>
      <line num="596" type="stmt" count="1"/>
      <line num="598" type="stmt" count="1"/>
      <line num="601" type="method" name="lowerCaseLetters" visibility="public" complexity="1" crap="1" count="1"/>
      <line num="603" type="stmt" count="1"/>
      <line num="605" type="stmt" count="1"/>
      <line num="608" type="method" name="upperCaseLetter" visibility="public" complexity="1" crap="1" count="2"/>
      <line num="610" type="stmt" count="2"/>
      <line num="611" type="stmt" count="2"/>
      <line num="613" type="stmt" count="2"/>
      <line num="616" type="method" name="upperCaseLetters" visibility="public" complexity="1" crap="1" count="1"/>
      <line num="618" type="stmt" count="1"/>
      <line num="620" type="stmt" count="1"/>
      <line num="623" type="method" name="append" visibility="public" complexity="1" crap="1" count="3"/>
      <line num="625" type="stmt" count="3"/>
      <line num="626" type="stmt" count="3"/>
      <line num="628" type="stmt" count="3"/>
      <line num="631" type="method" name="optional" visibility="public" complexity="1" crap="1" count="1"/>
      <line num="633" type="stmt" count="1"/>
      <line num="634" type="stmt" count="1"/>
      <line num="636" type="stmt" count="1"/>
      <line num="639" type="method" name="sanitize" visibility="private" complexity="1" crap="1" count="42"/>
      <line num="641" type="stmt" count="42"/>
      <line num="647" type="method" name="getNew" visibility="public" complexity="1" crap="1" count="27"/>
      <line num="649" type="stmt" count="27"/>
      <line num="651" type="stmt" count="27"/>
      <metrics loc="654" ncloc="616" classes="1" methods="69" coveredmethods="69" conditionals="0" coveredconditionals="0" statements="209" coveredstatements="209" elements="278" coveredelements="278"/>
    </file>
    <metrics files="2" loc="769" ncloc="713" classes="2" methods="78" coveredmethods="78" conditionals="0" coveredconditionals="0" statements="250" coveredstatements="250" elements="328" coveredelements="328"/>
  </project>
</coverage>
